<?xml version="1.0"?>
<testsuite name="PhantomJS 2.1.1 (Windows 8 0.0.0)" package="" timestamp="2017-01-31T10:00:14" id="0" hostname="TELNOV-NB-W8" tests="209" errors="0" failures="0" time="0.521">
  <properties>
    <property name="browser.fullName" value="Mozilla/5.0 (Windows NT 6.2; WOW64) AppleWebKit/538.1 (KHTML, like Gecko) PhantomJS/2.1.1 Safari/538.1"/>
  </properties>
  <testcase name="Base Event hasEvents property" time="0.001" classname="PhantomJS_2_1_1_(Windows_8_0_0_0).Base"/>
  <testcase name="Base Event no parameters" time="0.001" classname="PhantomJS_2_1_1_(Windows_8_0_0_0).Base"/>
  <testcase name="Base Event with parameters" time="0" classname="PhantomJS_2_1_1_(Windows_8_0_0_0).Base"/>
  <testcase name="Base Item value" time="0" classname="PhantomJS_2_1_1_(Windows_8_0_0_0).Base"/>
  <testcase name="Base ItemValue.setData()" time="0.001" classname="PhantomJS_2_1_1_(Windows_8_0_0_0).Base"/>
  <testcase name="Base ItemValue.setData() empty text" time="0" classname="PhantomJS_2_1_1_(Windows_8_0_0_0).Base"/>
  <testcase name="Base ItemValue.setData() boolean" time="0.001" classname="PhantomJS_2_1_1_(Windows_8_0_0_0).Base"/>
  <testcase name="Base ItemValue.getData()" time="0" classname="PhantomJS_2_1_1_(Windows_8_0_0_0).Base"/>
  <testcase name="Base ItemValue.getItemByValue()" time="0.001" classname="PhantomJS_2_1_1_(Windows_8_0_0_0).Base"/>
  <testcase name="choicesRestfull Load countries" time="0.001" classname="PhantomJS_2_1_1_(Windows_8_0_0_0).choicesRestfull"/>
  <testcase name="choicesRestfull Test dropdown" time="0.001" classname="PhantomJS_2_1_1_(Windows_8_0_0_0).choicesRestfull"/>
  <testcase name="Conditions Condition" time="0.002" classname="PhantomJS_2_1_1_(Windows_8_0_0_0).Conditions"/>
  <testcase name="Conditions Condition with quotes" time="0" classname="PhantomJS_2_1_1_(Windows_8_0_0_0).Conditions"/>
  <testcase name="Conditions Parse item conditions" time="0.009" classname="PhantomJS_2_1_1_(Windows_8_0_0_0).Conditions"/>
  <testcase name="Conditions Condition: on item" time="0.001" classname="PhantomJS_2_1_1_(Windows_8_0_0_0).Conditions"/>
  <testcase name="Conditions Condition: without right condition" time="0.001" classname="PhantomJS_2_1_1_(Windows_8_0_0_0).Conditions"/>
  <testcase name="Conditions Condition: on item - no spaces" time="0" classname="PhantomJS_2_1_1_(Windows_8_0_0_0).Conditions"/>
  <testcase name="Conditions Condition: on item - string value and name has spaces" time="0.001" classname="PhantomJS_2_1_1_(Windows_8_0_0_0).Conditions"/>
  <testcase name="Conditions Condition: two items or" time="0.001" classname="PhantomJS_2_1_1_(Windows_8_0_0_0).Conditions"/>
  <testcase name="Conditions Condition: a and b or c" time="0.001" classname="PhantomJS_2_1_1_(Windows_8_0_0_0).Conditions"/>
  <testcase name="Conditions Condition: a and (b or c)" time="0.002" classname="PhantomJS_2_1_1_(Windows_8_0_0_0).Conditions"/>
  <testcase name="Conditions Run one condition" time="0.001" classname="PhantomJS_2_1_1_(Windows_8_0_0_0).Conditions"/>
  <testcase name="Conditions Run complex condition" time="0.003" classname="PhantomJS_2_1_1_(Windows_8_0_0_0).Conditions"/>
  <testcase name="Conditions Run condition with nested properties" time="0.001" classname="PhantomJS_2_1_1_(Windows_8_0_0_0).Conditions"/>
  <testcase name="Conditions Expression Tree to Text" time="0.002" classname="PhantomJS_2_1_1_(Windows_8_0_0_0).Conditions"/>
  <testcase name="JsonSerializationTests Metadata for non inherited class" time="0.001" classname="PhantomJS_2_1_1_(Windows_8_0_0_0).JsonSerializationTests"/>
  <testcase name="JsonSerializationTests Metadata add at the beginning parent class properties " time="0" classname="PhantomJS_2_1_1_(Windows_8_0_0_0).JsonSerializationTests"/>
  <testcase name="JsonSerializationTests One object - one property serialization" time="0.001" classname="PhantomJS_2_1_1_(Windows_8_0_0_0).JsonSerializationTests"/>
  <testcase name="JsonSerializationTests String array serialization" time="0" classname="PhantomJS_2_1_1_(Windows_8_0_0_0).JsonSerializationTests"/>
  <testcase name="JsonSerializationTests Use onGetValue during serialization" time="0" classname="PhantomJS_2_1_1_(Windows_8_0_0_0).JsonSerializationTests"/>
  <testcase name="JsonSerializationTests Serialize object with it's type" time="0.004" classname="PhantomJS_2_1_1_(Windows_8_0_0_0).JsonSerializationTests"/>
  <testcase name="JsonSerializationTests Serialize arrays with serializable objects" time="0.001" classname="PhantomJS_2_1_1_(Windows_8_0_0_0).JsonSerializationTests"/>
  <testcase name="JsonSerializationTests Serialize object and get type by it's property" time="0" classname="PhantomJS_2_1_1_(Windows_8_0_0_0).JsonSerializationTests"/>
  <testcase name="JsonSerializationTests Serialize arrays with serializable objects and get type by it's property" time="0.001" classname="PhantomJS_2_1_1_(Windows_8_0_0_0).JsonSerializationTests"/>
  <testcase name="JsonSerializationTests One object - one property deserialization" time="0" classname="PhantomJS_2_1_1_(Windows_8_0_0_0).JsonSerializationTests"/>
  <testcase name="JsonSerializationTests String array deserialization" time="0.001" classname="PhantomJS_2_1_1_(Windows_8_0_0_0).JsonSerializationTests"/>
  <testcase name="JsonSerializationTests Deserialize object with it's type" time="0" classname="PhantomJS_2_1_1_(Windows_8_0_0_0).JsonSerializationTests"/>
  <testcase name="JsonSerializationTests Deserialize arrays with serializable objects" time="0.001" classname="PhantomJS_2_1_1_(Windows_8_0_0_0).JsonSerializationTests"/>
  <testcase name="JsonSerializationTests Deserialize object and get type by it's property className" time="0" classname="PhantomJS_2_1_1_(Windows_8_0_0_0).JsonSerializationTests"/>
  <testcase name="JsonSerializationTests Deserialize arrays with serializable objects and get type by it's property className" time="0" classname="PhantomJS_2_1_1_(Windows_8_0_0_0).JsonSerializationTests"/>
  <testcase name="JsonSerializationTests Use on setValue during deserialization" time="0.001" classname="PhantomJS_2_1_1_(Windows_8_0_0_0).JsonSerializationTests"/>
  <testcase name="JsonSerializationTests ItemValueListOwner serialization" time="0" classname="PhantomJS_2_1_1_(Windows_8_0_0_0).JsonSerializationTests"/>
  <testcase name="JsonSerializationTests ItemValueListOwner deserialization" time="0" classname="PhantomJS_2_1_1_(Windows_8_0_0_0).JsonSerializationTests"/>
  <testcase name="JsonSerializationTests ItemValueListOwner deserialization, custom property in ItemValue" time="0" classname="PhantomJS_2_1_1_(Windows_8_0_0_0).JsonSerializationTests"/>
  <testcase name="JsonSerializationTests LongNamesOwner serialization" time="0" classname="PhantomJS_2_1_1_(Windows_8_0_0_0).JsonSerializationTests"/>
  <testcase name="JsonSerializationTests ItemValueListOwner deserialization " time="0.001" classname="PhantomJS_2_1_1_(Windows_8_0_0_0).JsonSerializationTests"/>
  <testcase name="JsonSerializationTests Do not change Json" time="0" classname="PhantomJS_2_1_1_(Windows_8_0_0_0).JsonSerializationTests"/>
  <testcase name="JsonSerializationTests Unknown property error on deserialization" time="0.001" classname="PhantomJS_2_1_1_(Windows_8_0_0_0).JsonSerializationTests"/>
  <testcase name="JsonSerializationTests Having 'pos' property for objects with errors" time="0" classname="PhantomJS_2_1_1_(Windows_8_0_0_0).JsonSerializationTests"/>
  <testcase name="JsonSerializationTests Do not remove 'pos' property from objects" time="0.001" classname="PhantomJS_2_1_1_(Windows_8_0_0_0).JsonSerializationTests"/>
  <testcase name="JsonSerializationTests Deserialize arrays with missing type property" time="0" classname="PhantomJS_2_1_1_(Windows_8_0_0_0).JsonSerializationTests"/>
  <testcase name="JsonSerializationTests Deserialize arrays with incorrect type property" time="0.001" classname="PhantomJS_2_1_1_(Windows_8_0_0_0).JsonSerializationTests"/>
  <testcase name="JsonSerializationTests Deserialization - required property error" time="0" classname="PhantomJS_2_1_1_(Windows_8_0_0_0).JsonSerializationTests"/>
  <testcase name="JsonSerializationTests Deserialization - required property error " time="0" classname="PhantomJS_2_1_1_(Windows_8_0_0_0).JsonSerializationTests"/>
  <testcase name="JsonSerializationTests Property Type test" time="0" classname="PhantomJS_2_1_1_(Windows_8_0_0_0).JsonSerializationTests"/>
  <testcase name="JsonSerializationTests Property Choices test" time="0" classname="PhantomJS_2_1_1_(Windows_8_0_0_0).JsonSerializationTests"/>
  <testcase name="JsonSerializationTests Property Choices test " time="0.001" classname="PhantomJS_2_1_1_(Windows_8_0_0_0).JsonSerializationTests"/>
  <testcase name="JsonSerializationTests Property Choices func test" time="0" classname="PhantomJS_2_1_1_(Windows_8_0_0_0).JsonSerializationTests"/>
  <testcase name="JsonSerializationTests Create inherited class instead of origional" time="0" classname="PhantomJS_2_1_1_(Windows_8_0_0_0).JsonSerializationTests"/>
  <testcase name="JsonSerializationTests toJsonObject should create new instance of objects" time="0.001" classname="PhantomJS_2_1_1_(Windows_8_0_0_0).JsonSerializationTests"/>
  <testcase name="JsonSerializationTests Add new property to object" time="0.001" classname="PhantomJS_2_1_1_(Windows_8_0_0_0).JsonSerializationTests"/>
  <testcase name="JsonSerializationTests Add a new number property with default value" time="0.001" classname="PhantomJS_2_1_1_(Windows_8_0_0_0).JsonSerializationTests"/>
  <testcase name="LocalizationsTests get default strings" time="0" classname="PhantomJS_2_1_1_(Windows_8_0_0_0).LocalizationsTests"/>
  <testcase name="LocalizationsTests add new localization" time="0" classname="PhantomJS_2_1_1_(Windows_8_0_0_0).LocalizationsTests"/>
  <testcase name="LocalizationsTests set german localization" time="0" classname="PhantomJS_2_1_1_(Windows_8_0_0_0).LocalizationsTests"/>
  <testcase name="LocalizationsTests set german localization " time="0.001" classname="PhantomJS_2_1_1_(Windows_8_0_0_0).LocalizationsTests"/>
  <testcase name="LocalizationsTests set finnish localization" time="0" classname="PhantomJS_2_1_1_(Windows_8_0_0_0).LocalizationsTests"/>
  <testcase name="LocalizationsTests set finnish localization " time="0.001" classname="PhantomJS_2_1_1_(Windows_8_0_0_0).LocalizationsTests"/>
  <testcase name="Survey_Questions Only some questions support comment" time="0.004" classname="PhantomJS_2_1_1_(Windows_8_0_0_0).Survey_Questions"/>
  <testcase name="Survey_Questions Only some questions support other" time="0.002" classname="PhantomJS_2_1_1_(Windows_8_0_0_0).Survey_Questions"/>
  <testcase name="Survey_Questions Comment and other could not be set together" time="0.002" classname="PhantomJS_2_1_1_(Windows_8_0_0_0).Survey_Questions"/>
  <testcase name="Survey_Questions set choices from another question" time="0" classname="PhantomJS_2_1_1_(Windows_8_0_0_0).Survey_Questions"/>
  <testcase name="Survey_Questions visibleChoices changes on setting others to true/false" time="0.001" classname="PhantomJS_2_1_1_(Windows_8_0_0_0).Survey_Questions"/>
  <testcase name="Survey_Questions Question Title property" time="0" classname="PhantomJS_2_1_1_(Windows_8_0_0_0).Survey_Questions"/>
  <testcase name="Survey_Questions Pre-proccess value for Checkbox" time="0.003" classname="PhantomJS_2_1_1_(Windows_8_0_0_0).Survey_Questions"/>
  <testcase name="Survey_Questions Matrix Question: visible rows" time="0.001" classname="PhantomJS_2_1_1_(Windows_8_0_0_0).Survey_Questions"/>
  <testcase name="Survey_Questions Matrix Question: get/set values for empty rows" time="0" classname="PhantomJS_2_1_1_(Windows_8_0_0_0).Survey_Questions"/>
  <testcase name="Survey_Questions Matrix Question: get/set values for two rows" time="0.001" classname="PhantomJS_2_1_1_(Windows_8_0_0_0).Survey_Questions"/>
  <testcase name="Survey_Questions Matrix Question set values after visible row generated" time="0.001" classname="PhantomJS_2_1_1_(Windows_8_0_0_0).Survey_Questions"/>
  <testcase name="Survey_Questions Matrix Question isAllRowRequired property" time="0.001" classname="PhantomJS_2_1_1_(Windows_8_0_0_0).Survey_Questions"/>
  <testcase name="Survey_Questions Matrix Question supportGoNextPageAutomatic property" time="0" classname="PhantomJS_2_1_1_(Windows_8_0_0_0).Survey_Questions"/>
  <testcase name="Survey_Questions Multiple Text Item: text property" time="0" classname="PhantomJS_2_1_1_(Windows_8_0_0_0).Survey_Questions"/>
  <testcase name="Survey_Questions Multiple Text Question: get/set values for two texts" time="0.001" classname="PhantomJS_2_1_1_(Windows_8_0_0_0).Survey_Questions"/>
  <testcase name="Survey_Questions Multiple Text Question: support goNextPageAutomatic" time="0" classname="PhantomJS_2_1_1_(Windows_8_0_0_0).Survey_Questions"/>
  <testcase name="Survey_Questions Validators for text question" time="0.001" classname="PhantomJS_2_1_1_(Windows_8_0_0_0).Survey_Questions"/>
  <testcase name="Survey_Questions Validators for multiple text question" time="0.001" classname="PhantomJS_2_1_1_(Windows_8_0_0_0).Survey_Questions"/>
  <testcase name="Survey_Questions Validators for array value question" time="0.001" classname="PhantomJS_2_1_1_(Windows_8_0_0_0).Survey_Questions"/>
  <testcase name="Survey_Questions Show errors if others value is selected, but not entered" time="0.001" classname="PhantomJS_2_1_1_(Windows_8_0_0_0).Survey_Questions"/>
  <testcase name="Survey_Questions SelectBase visibleChoices order" time="0.002" classname="PhantomJS_2_1_1_(Windows_8_0_0_0).Survey_Questions"/>
  <testcase name="Survey_Questions Question callbacks test" time="0" classname="PhantomJS_2_1_1_(Windows_8_0_0_0).Survey_Questions"/>
  <testcase name="Survey_Questions Init SelectBase with comment comment" time="0.001" classname="PhantomJS_2_1_1_(Windows_8_0_0_0).Survey_Questions"/>
  <testcase name="Survey_Questions SelectBase store others value not in comment" time="0.002" classname="PhantomJS_2_1_1_(Windows_8_0_0_0).Survey_Questions"/>
  <testcase name="Survey_Questions Checkbox store others value not in comment" time="0.003" classname="PhantomJS_2_1_1_(Windows_8_0_0_0).Survey_Questions"/>
  <testcase name="Survey_Questions Matrixdropdown cells tests" time="0.012" classname="PhantomJS_2_1_1_(Windows_8_0_0_0).Survey_Questions"/>
  <testcase name="Survey_Questions Matrixdynamic cells tests" time="0.01" classname="PhantomJS_2_1_1_(Windows_8_0_0_0).Survey_Questions"/>
  <testcase name="Survey_Questions Matrixdropdown value tests after cells generation" time="0.007" classname="PhantomJS_2_1_1_(Windows_8_0_0_0).Survey_Questions"/>
  <testcase name="Survey_Questions Matrixdynamic value tests after cells generation" time="0.007" classname="PhantomJS_2_1_1_(Windows_8_0_0_0).Survey_Questions"/>
  <testcase name="Survey_Questions Matrixdynamic add/remove rows" time="0.001" classname="PhantomJS_2_1_1_(Windows_8_0_0_0).Survey_Questions"/>
  <testcase name="Survey_Questions Matrixdynamic required column" time="0.009" classname="PhantomJS_2_1_1_(Windows_8_0_0_0).Survey_Questions"/>
  <testcase name="Survey_Questions Matrixdynamic hasOther column" time="0.002" classname="PhantomJS_2_1_1_(Windows_8_0_0_0).Survey_Questions"/>
  <testcase name="Survey_Questions Matrixdynamic adjust rowCount on setting the value" time="0.013" classname="PhantomJS_2_1_1_(Windows_8_0_0_0).Survey_Questions"/>
  <testcase name="Survey_Questions Matrixdropdown different cell types" time="0.041" classname="PhantomJS_2_1_1_(Windows_8_0_0_0).Survey_Questions"/>
  <testcase name="Survey_Questions Matrixdropdown isRequiredInAllRows" time="0.002" classname="PhantomJS_2_1_1_(Windows_8_0_0_0).Survey_Questions"/>
  <testcase name="Survey_Questions Matrixdropdown supportGoNextPageAutomatic property" time="0.006" classname="PhantomJS_2_1_1_(Windows_8_0_0_0).Survey_Questions"/>
  <testcase name="Survey_Questions Matrixdropdown supportGoNextPageAutomatic always false for checkbox" time="0.005" classname="PhantomJS_2_1_1_(Windows_8_0_0_0).Survey_Questions"/>
  <testcase name="Survey_Questions Text inputType=number" time="0.001" classname="PhantomJS_2_1_1_(Windows_8_0_0_0).Survey_Questions"/>
  <testcase name="Survey_Questions Text inputType=range" time="0" classname="PhantomJS_2_1_1_(Windows_8_0_0_0).Survey_Questions"/>
  <testcase name="SurveySerialization Serialize two pages" time="0.001" classname="PhantomJS_2_1_1_(Windows_8_0_0_0).SurveySerialization"/>
  <testcase name="SurveySerialization Deserialize two pages" time="0.001" classname="PhantomJS_2_1_1_(Windows_8_0_0_0).SurveySerialization"/>
  <testcase name="SurveySerialization Serialize two questions" time="0.001" classname="PhantomJS_2_1_1_(Windows_8_0_0_0).SurveySerialization"/>
  <testcase name="SurveySerialization Deserialize two questions" time="0.002" classname="PhantomJS_2_1_1_(Windows_8_0_0_0).SurveySerialization"/>
  <testcase name="SurveySerialization Full survey deserialize with one question" time="0.003" classname="PhantomJS_2_1_1_(Windows_8_0_0_0).SurveySerialization"/>
  <testcase name="SurveySerialization Full survey deserialize with one question bypass pages object" time="0.002" classname="PhantomJS_2_1_1_(Windows_8_0_0_0).SurveySerialization"/>
  <testcase name="SurveySerialization Serialize survey data" time="0" classname="PhantomJS_2_1_1_(Windows_8_0_0_0).SurveySerialization"/>
  <testcase name="SurveySerialization Deserialize survey data" time="0.001" classname="PhantomJS_2_1_1_(Windows_8_0_0_0).SurveySerialization"/>
  <testcase name="SurveySerialization Serialize mutltiple text question" time="0" classname="PhantomJS_2_1_1_(Windows_8_0_0_0).SurveySerialization"/>
  <testcase name="SurveySerialization Serialize restfull choices" time="0.001" classname="PhantomJS_2_1_1_(Windows_8_0_0_0).SurveySerialization"/>
  <testcase name="SurveySerialization Deserialize question with missing name" time="0.001" classname="PhantomJS_2_1_1_(Windows_8_0_0_0).SurveySerialization"/>
  <testcase name="SurveySerialization Deserialize choicesByUrl" time="0" classname="PhantomJS_2_1_1_(Windows_8_0_0_0).SurveySerialization"/>
  <testcase name="Survey set data property" time="0" classname="PhantomJS_2_1_1_(Windows_8_0_0_0).Survey"/>
  <testcase name="Survey Add two pages" time="0" classname="PhantomJS_2_1_1_(Windows_8_0_0_0).Survey"/>
  <testcase name="Survey Current Page" time="0.002" classname="PhantomJS_2_1_1_(Windows_8_0_0_0).Survey"/>
  <testcase name="Survey CurrentPageNo" time="0.002" classname="PhantomJS_2_1_1_(Windows_8_0_0_0).Survey"/>
  <testcase name="Survey Remove Page in design mode" time="0" classname="PhantomJS_2_1_1_(Windows_8_0_0_0).Survey"/>
  <testcase name="Survey Do not show errors in display mode" time="0.004" classname="PhantomJS_2_1_1_(Windows_8_0_0_0).Survey"/>
  <testcase name="Survey Next, Prev, IsFirst and IsLast Page and progressText" time="0.009" classname="PhantomJS_2_1_1_(Windows_8_0_0_0).Survey"/>
  <testcase name="Survey Next, Prev, Next" time="0.004" classname="PhantomJS_2_1_1_(Windows_8_0_0_0).Survey"/>
  <testcase name="Survey Survey state" time="0.002" classname="PhantomJS_2_1_1_(Windows_8_0_0_0).Survey"/>
  <testcase name="Survey Question Creator" time="0.001" classname="PhantomJS_2_1_1_(Windows_8_0_0_0).Survey"/>
  <testcase name="Survey Question Creator getAllQuestions" time="0" classname="PhantomJS_2_1_1_(Windows_8_0_0_0).Survey"/>
  <testcase name="Survey Add questions to page" time="0.001" classname="PhantomJS_2_1_1_(Windows_8_0_0_0).Survey"/>
  <testcase name="Survey Survey.getQuestionByName" time="0.004" classname="PhantomJS_2_1_1_(Windows_8_0_0_0).Survey"/>
  <testcase name="Survey SurveyData interface implementation" time="0" classname="PhantomJS_2_1_1_(Windows_8_0_0_0).Survey"/>
  <testcase name="Survey Store question value in the survey" time="0.001" classname="PhantomJS_2_1_1_(Windows_8_0_0_0).Survey"/>
  <testcase name="Survey Store comments in the survey" time="0.001" classname="PhantomJS_2_1_1_(Windows_8_0_0_0).Survey"/>
  <testcase name="Survey Should set required questions before go on the  next page or finish" time="0.005" classname="PhantomJS_2_1_1_(Windows_8_0_0_0).Survey"/>
  <testcase name="Survey Should not be errors after prevPage bug#151" time="0.005" classname="PhantomJS_2_1_1_(Windows_8_0_0_0).Survey"/>
  <testcase name="Survey Invisible required questions should not be take into account" time="0.004" classname="PhantomJS_2_1_1_(Windows_8_0_0_0).Survey"/>
  <testcase name="Survey onValueChanged event" time="0.003" classname="PhantomJS_2_1_1_(Windows_8_0_0_0).Survey"/>
  <testcase name="Survey onValueChanged event - do not call on equal value" time="0.001" classname="PhantomJS_2_1_1_(Windows_8_0_0_0).Survey"/>
  <testcase name="Survey onValueChanged event is not called on changing matrix value" time="0.003" classname="PhantomJS_2_1_1_(Windows_8_0_0_0).Survey"/>
  <testcase name="Survey onValueChanged event is not called on changing multi text value" time="0.004" classname="PhantomJS_2_1_1_(Windows_8_0_0_0).Survey"/>
  <testcase name="Survey onVisibleChanged event" time="0.003" classname="PhantomJS_2_1_1_(Windows_8_0_0_0).Survey"/>
  <testcase name="Survey Question visibleIndex" time="0.003" classname="PhantomJS_2_1_1_(Windows_8_0_0_0).Survey"/>
  <testcase name="Survey showQuestionNumbers - question fullTitle" time="0.004" classname="PhantomJS_2_1_1_(Windows_8_0_0_0).Survey"/>
  <testcase name="Survey Question visibleIndex and no title question" time="0.003" classname="PhantomJS_2_1_1_(Windows_8_0_0_0).Survey"/>
  <testcase name="Survey Pages visibleIndex and num" time="0.004" classname="PhantomJS_2_1_1_(Windows_8_0_0_0).Survey"/>
  <testcase name="Survey Pages num" time="0.003" classname="PhantomJS_2_1_1_(Windows_8_0_0_0).Survey"/>
  <testcase name="Survey Server validation" time="0.005" classname="PhantomJS_2_1_1_(Windows_8_0_0_0).Survey"/>
  <testcase name="Survey onVisibleChanged call validation" time="0.003" classname="PhantomJS_2_1_1_(Windows_8_0_0_0).Survey"/>
  <testcase name="Survey Page visibility" time="0.001" classname="PhantomJS_2_1_1_(Windows_8_0_0_0).Survey"/>
  <testcase name="Survey Survey visiblePages and start using them" time="0.003" classname="PhantomJS_2_1_1_(Windows_8_0_0_0).Survey"/>
  <testcase name="Survey Survey visiblePages, make second and third invisbile and go the last page on next" time="0.006" classname="PhantomJS_2_1_1_(Windows_8_0_0_0).Survey"/>
  <testcase name="Survey Visible trigger test" time="0.005" classname="PhantomJS_2_1_1_(Windows_8_0_0_0).Survey"/>
  <testcase name="Survey Complete trigger test" time="0.003" classname="PhantomJS_2_1_1_(Windows_8_0_0_0).Survey"/>
  <testcase name="Survey Value trigger test" time="0.003" classname="PhantomJS_2_1_1_(Windows_8_0_0_0).Survey"/>
  <testcase name="Survey String format" time="0" classname="PhantomJS_2_1_1_(Windows_8_0_0_0).Survey"/>
  <testcase name="Survey Serialize email validator" time="0.001" classname="PhantomJS_2_1_1_(Windows_8_0_0_0).Survey"/>
  <testcase name="Survey pre process title" time="0.004" classname="PhantomJS_2_1_1_(Windows_8_0_0_0).Survey"/>
  <testcase name="Survey pre process completedHtml nested properties and arrays" time="0.002" classname="PhantomJS_2_1_1_(Windows_8_0_0_0).Survey"/>
  <testcase name="Survey question fullTitle" time="0.003" classname="PhantomJS_2_1_1_(Windows_8_0_0_0).Survey"/>
  <testcase name="Survey clearInvisibleValues" time="0.003" classname="PhantomJS_2_1_1_(Windows_8_0_0_0).Survey"/>
  <testcase name="Survey merge values" time="0.001" classname="PhantomJS_2_1_1_(Windows_8_0_0_0).Survey"/>
  <testcase name="Survey Several questions in one row" time="0.064" classname="PhantomJS_2_1_1_(Windows_8_0_0_0).Survey"/>
  <testcase name="Survey test goNextPageAutomatic property" time="0.01" classname="PhantomJS_2_1_1_(Windows_8_0_0_0).Survey"/>
  <testcase name="Survey test goNextPageAutomatic after errors" time="0.004" classname="PhantomJS_2_1_1_(Windows_8_0_0_0).Survey"/>
  <testcase name="Survey goNextPageAutomatic: should not work for complex questions like matrix, checkbox, multiple text" time="0.017" classname="PhantomJS_2_1_1_(Windows_8_0_0_0).Survey"/>
  <testcase name="Survey goNextPageAutomatic bug #200: https://github.com/surveyjs/surveyjs/issues/200" time="0.004" classname="PhantomJS_2_1_1_(Windows_8_0_0_0).Survey"/>
  <testcase name="Survey isNavigationButtonsShowing" time="0.003" classname="PhantomJS_2_1_1_(Windows_8_0_0_0).Survey"/>
  <testcase name="Survey simple condition test" time="0.009" classname="PhantomJS_2_1_1_(Windows_8_0_0_0).Survey"/>
  <testcase name="Survey simple condition test, page visibility" time="0.004" classname="PhantomJS_2_1_1_(Windows_8_0_0_0).Survey"/>
  <testcase name="Survey visibleIf for question, call onPageVisibleChanged" time="0.004" classname="PhantomJS_2_1_1_(Windows_8_0_0_0).Survey"/>
  <testcase name="Survey multiple triger on checkbox stop working." time="0.006" classname="PhantomJS_2_1_1_(Windows_8_0_0_0).Survey"/>
  <testcase name="Triggers Check trigger operations" time="0" classname="PhantomJS_2_1_1_(Windows_8_0_0_0).Triggers"/>
  <testcase name="Triggers Simple custom trigger" time="0.001" classname="PhantomJS_2_1_1_(Windows_8_0_0_0).Triggers"/>
  <testcase name="Triggers Visibility trigger" time="0" classname="PhantomJS_2_1_1_(Windows_8_0_0_0).Triggers"/>
  <testcase name="Validators Numeric validator" time="0.001" classname="PhantomJS_2_1_1_(Windows_8_0_0_0).Validators"/>
  <testcase name="Validators Email validator" time="0" classname="PhantomJS_2_1_1_(Windows_8_0_0_0).Validators"/>
  <testcase name="TextPreprocessorTests Replace simple names" time="0" classname="PhantomJS_2_1_1_(Windows_8_0_0_0).TextPreprocessorTests"/>
  <testcase name="TextPreprocessorTests onHasValue event" time="0.001" classname="PhantomJS_2_1_1_(Windows_8_0_0_0).TextPreprocessorTests"/>
  <testcase name="TextPreprocessorTests ProcessValue getFirst Name" time="0" classname="PhantomJS_2_1_1_(Windows_8_0_0_0).TextPreprocessorTests"/>
  <testcase name="TextPreprocessorTests ProcessValue getFirst Name " time="0" classname="PhantomJS_2_1_1_(Windows_8_0_0_0).TextPreprocessorTests"/>
  <testcase name="TextPreprocessorTests ProcessValue getValue/hasValue, nested values" time="0" classname="PhantomJS_2_1_1_(Windows_8_0_0_0).TextPreprocessorTests"/>
  <testcase name="TextPreprocessorTests ProcessValue getValue/hasValue, arrays and nested values" time="0.001" classname="PhantomJS_2_1_1_(Windows_8_0_0_0).TextPreprocessorTests"/>
  <testcase name="koTests Serialize two pages" time="0.002" classname="PhantomJS_2_1_1_(Windows_8_0_0_0).koTests"/>
  <testcase name="koTests Deserialize two pages" time="0.001" classname="PhantomJS_2_1_1_(Windows_8_0_0_0).koTests"/>
  <testcase name="koTests Deserialize rate widget, custom rateValues" time="0.002" classname="PhantomJS_2_1_1_(Windows_8_0_0_0).koTests"/>
  <testcase name="koTests Survey.koCurrentPage" time="0.01" classname="PhantomJS_2_1_1_(Windows_8_0_0_0).koTests"/>
  <testcase name="koTests Set value through observable value" time="0.001" classname="PhantomJS_2_1_1_(Windows_8_0_0_0).koTests"/>
  <testcase name="koTests koOtherVisible for one choice items" time="0" classname="PhantomJS_2_1_1_(Windows_8_0_0_0).koTests"/>
  <testcase name="koTests Create koValue as observable array for checkbox" time="0.002" classname="PhantomJS_2_1_1_(Windows_8_0_0_0).koTests"/>
  <testcase name="koTests Default value for checkbox" time="0.002" classname="PhantomJS_2_1_1_(Windows_8_0_0_0).koTests"/>
  <testcase name="koTests koOtherVisible for multi choice items" time="0.001" classname="PhantomJS_2_1_1_(Windows_8_0_0_0).koTests"/>
  <testcase name="koTests Update koValue on changing data in Survey or Question.value " time="0.002" classname="PhantomJS_2_1_1_(Windows_8_0_0_0).koTests"/>
  <testcase name="koTests Update koValue on changing data in Survey or Question.value for Multiple Answer Question " time="0.003" classname="PhantomJS_2_1_1_(Windows_8_0_0_0).koTests"/>
  <testcase name="koTests Question Matrix: koValue in MatrixValue" time="0.002" classname="PhantomJS_2_1_1_(Windows_8_0_0_0).koTests"/>
  <testcase name="koTests Question Matrix: change matrix value after visibleRows generation" time="0.001" classname="PhantomJS_2_1_1_(Windows_8_0_0_0).koTests"/>
  <testcase name="koTests Question MatrixDropdown: change matrix value after visibleRows generation" time="0.008" classname="PhantomJS_2_1_1_(Windows_8_0_0_0).koTests"/>
  <testcase name="koTests Question MultipleText: koValue in TextItem" time="0.002" classname="PhantomJS_2_1_1_(Windows_8_0_0_0).koTests"/>
  <testcase name="koTests Question MultipleText: koRows" time="0" classname="PhantomJS_2_1_1_(Windows_8_0_0_0).koTests"/>
  <testcase name="koTests Set notification on setting survey data" time="0.003" classname="PhantomJS_2_1_1_(Windows_8_0_0_0).koTests"/>
  <testcase name="koTests On make survey data empy for Multiple text question" time="0.003" classname="PhantomJS_2_1_1_(Windows_8_0_0_0).koTests"/>
  <testcase name="koTests koVisible property" time="0.002" classname="PhantomJS_2_1_1_(Windows_8_0_0_0).koTests"/>
  <testcase name="koTests koComment property" time="0.002" classname="PhantomJS_2_1_1_(Windows_8_0_0_0).koTests"/>
  <testcase name="koTests Load title correctly from JSON" time="0.002" classname="PhantomJS_2_1_1_(Windows_8_0_0_0).koTests"/>
  <testcase name="koTests koErrors should be empty after prevPage bug#151" time="0.01" classname="PhantomJS_2_1_1_(Windows_8_0_0_0).koTests"/>
  <testcase name="Template Text Replace the page" time="0" classname="PhantomJS_2_1_1_(Windows_8_0_0_0).Template Text"/>
  <testcase name="Template Text Replace the question" time="0.001" classname="PhantomJS_2_1_1_(Windows_8_0_0_0).Template Text"/>
  <testcase name="Template Text Replace the rating question" time="0" classname="PhantomJS_2_1_1_(Windows_8_0_0_0).Template Text"/>
  <system-out>
    <![CDATA[Edge 12.10240.0 (Windows 10 0.0.0) ERROR
  Disconnectedundefined

]]>
  </system-out>
  <system-err/>
</testsuite>